<?xml version="1.0" encoding="UTF-8"?>
<testng-results ignored="0" total="1" passed="1" failed="0" skipped="0">
  <reporter-output>
  </reporter-output>
  <suite started-at="2022-09-20T18:42:00 IST" name="Default suite" finished-at="2022-09-20T18:42:00 IST" duration-ms="85">
    <groups>
    </groups>
    <test started-at="2022-09-20T18:42:00 IST" name="Default test" finished-at="2022-09-20T18:42:00 IST" duration-ms="85">
      <class name="practice.CustomerTest">
        <test-method signature="testingTest()[pri:0, instance:practice.CustomerTest@60704c]" started-at="2022-09-20T18:42:00 IST" name="testingTest" finished-at="2022-09-20T18:42:00 IST" duration-ms="15" status="PASS">
          <reporter-output>
          </reporter-output>
        </test-method> <!-- testingTest -->
      </class> <!-- practice.CustomerTest -->
    </test> <!-- Default test -->
  </suite> <!-- Default suite -->
</testng-results>
